Name                    Stmts   Miss  Cover   Missing
-----------------------------------------------------
comprehensive_test.py     138     21    85%   34-35, 65-66, 86-87, 124-125, 156-157, 184-185, 197-198, 207, 213, 219, 228-229, 245-246
cuda_nltk.py              184     51    72%   29-32, 48, 68-70, 75, 102, 134-150, 155, 203-204, 214-235, 254-255, 263-264, 277, 344-345, 349-350, 354-355
gpu_puzzle_solver.py      141    100    29%   44-47, 51-53, 64, 67, 71, 84, 116-193, 197-236, 241-268, 272
gpu_word_filtering.py     144     63    56%   64-72, 83-84, 89-95, 107-129, 149-150, 155-189, 224-225, 230-250, 310-312
simple_test.py             60     15    75%   23-24, 29-30, 35-36, 39-41, 58-60, 74-76
unified_solver.py         379    168    56%   34-36, 77, 98-99, 105-108, 155, 178-180, 207-210, 214-216, 222, 228-229, 263, 271, 277-280, 283-284, 302-303, 319-324, 345-387, 397, 400, 404, 419, 424, 428, 453, 473, 480, 483, 503, 514, 570-628, 632-663, 668-714, 718
word_filtering.py          69     18    74%   38, 43, 52-54, 59, 63, 69, 73-76, 102, 113, 135, 137, 141, 145
-----------------------------------------------------
TOTAL                    1115    436    61%
